<?xml version="1.0" encoding="UTF-8"?>
<testsuite name="com.mysite.sbb.SbbApplicationTests" tests="1" skipped="0" failures="0" errors="0" timestamp="2025-12-23T06:15:00.995Z" hostname="DESKTOP-32U33L6" time="0.615">
  <properties/>
  <testcase name="MakeTestData()" classname="com.mysite.sbb.SbbApplicationTests" time="0.615"/>
  <system-out><![CDATA[15:14:57.072 [Test worker] INFO org.springframework.test.context.support.AnnotationConfigContextLoaderUtils -- Could not detect default configuration classes for test class [com.mysite.sbb.SbbApplicationTests]: SbbApplicationTests does not declare any static, non-private, non-final, nested classes annotated with @Configuration.
15:14:57.175 [Test worker] INFO org.springframework.boot.test.context.SpringBootTestContextBootstrapper -- Found @SpringBootConfiguration com.mysite.sbb.SbbApplication for test class com.mysite.sbb.SbbApplicationTests

  .   ____          _            __ _ _
 /\\ / ___'_ __ _ _(_)_ __  __ _ \ \ \ \
( ( )\___ | '_ | '_| | '_ \/ _` | \ \ \ \
 \\/  ___)| |_)| | | | | || (_| |  ) ) ) )
  '  |____| .__|_| |_|_| |_\__, | / / / /
 =========|_|==============|___/=/_/_/_/

 :: Spring Boot ::                (v4.0.0)

2025-12-23T15:14:57.544+09:00  INFO 15944 --- [sbb] [    Test worker] com.mysite.sbb.SbbApplicationTests       : Starting SbbApplicationTests using Java 17.0.12 with PID 15944 (started by Woori in C:\KHJ\sbb)
2025-12-23T15:14:57.545+09:00  INFO 15944 --- [sbb] [    Test worker] com.mysite.sbb.SbbApplicationTests       : No active profile set, falling back to 1 default profile: "default"
2025-12-23T15:14:58.172+09:00  INFO 15944 --- [sbb] [    Test worker] .s.d.r.c.RepositoryConfigurationDelegate : Bootstrapping Spring Data JPA repositories in DEFAULT mode.
2025-12-23T15:14:58.215+09:00  INFO 15944 --- [sbb] [    Test worker] .s.d.r.c.RepositoryConfigurationDelegate : Finished Spring Data repository scanning in 35 ms. Found 2 JPA repository interfaces.
2025-12-23T15:14:58.568+09:00  INFO 15944 --- [sbb] [    Test worker] o.hibernate.jpa.internal.util.LogHelper  : HHH000204: Processing PersistenceUnitInfo [name: default]
2025-12-23T15:14:58.626+09:00  INFO 15944 --- [sbb] [    Test worker] org.hibernate.Version                    : HHH000412: Hibernate ORM core version 7.1.8.Final
2025-12-23T15:14:59.120+09:00  INFO 15944 --- [sbb] [    Test worker] o.s.o.j.p.SpringPersistenceUnitInfo      : No LoadTimeWeaver setup: ignoring JPA class transformer
2025-12-23T15:14:59.149+09:00  INFO 15944 --- [sbb] [    Test worker] com.zaxxer.hikari.HikariDataSource       : HikariPool-1 - Starting...
2025-12-23T15:14:59.341+09:00  INFO 15944 --- [sbb] [    Test worker] com.zaxxer.hikari.pool.HikariPool        : HikariPool-1 - Added connection conn0: url=jdbc:h2:~/test user=SA
2025-12-23T15:14:59.343+09:00  INFO 15944 --- [sbb] [    Test worker] com.zaxxer.hikari.HikariDataSource       : HikariPool-1 - Start completed.
2025-12-23T15:14:59.368+09:00  WARN 15944 --- [sbb] [    Test worker] org.hibernate.orm.deprecation            : HHH90000025: H2Dialect does not need to be specified explicitly using 'hibernate.dialect' (remove the property setting and it will be selected by default)
2025-12-23T15:14:59.392+09:00  INFO 15944 --- [sbb] [    Test worker] org.hibernate.orm.connections.pooling    : HHH10001005: Database info:
	Database JDBC URL [jdbc:h2:~/test]
	Database driver: H2 JDBC Driver
	Database dialect: H2Dialect
	Database version: 2.4.240
	Default catalog/schema: TEST/PUBLIC
	Autocommit mode: undefined/unknown
	Isolation level: READ_COMMITTED [default READ_COMMITTED]
	JDBC fetch size: 100
	Pool: DatasourceConnectionProviderImpl
	Minimum pool size: undefined/unknown
	Maximum pool size: undefined/unknown
2025-12-23T15:15:00.258+09:00  INFO 15944 --- [sbb] [    Test worker] o.h.e.t.j.p.i.JtaPlatformInitiator       : HHH000489: No JTA platform available (set 'hibernate.transaction.jta.platform' to enable JTA platform integration)
2025-12-23T15:15:00.313+09:00  INFO 15944 --- [sbb] [    Test worker] j.LocalContainerEntityManagerFactoryBean : Initialized JPA EntityManagerFactory for persistence unit 'default'
2025-12-23T15:15:00.380+09:00  INFO 15944 --- [sbb] [    Test worker] o.s.d.j.r.query.QueryEnhancerFactories   : Hibernate is in classpath; If applicable, HQL parser will be used.
2025-12-23T15:15:00.528+09:00  WARN 15944 --- [sbb] [    Test worker] JpaBaseConfiguration$JpaWebConfiguration : spring.jpa.open-in-view is enabled by default. Therefore, database queries may be performed during view rendering. Explicitly configure spring.jpa.open-in-view to disable this warning
2025-12-23T15:15:00.882+09:00  INFO 15944 --- [sbb] [    Test worker] o.s.b.h.a.H2ConsoleAutoConfiguration     : H2 console available at '/h2-console'. Database available at 'jdbc:h2:~/test'
2025-12-23T15:15:00.980+09:00  INFO 15944 --- [sbb] [    Test worker] com.mysite.sbb.SbbApplicationTests       : Started SbbApplicationTests in 3.656 seconds (process running for 4.901)
]]></system-out>
  <system-err><![CDATA[]]></system-err>
</testsuite>
